<?xml version="1.0" encoding="UTF-8"?>
<testng-results skipped="0" failed="0" ignored="0" total="1" passed="1">
  <reporter-output>
  </reporter-output>
  <suite name="Opencart Suite" duration-ms="11404" started-at="2021-10-26T08:54:52 IST" finished-at="2021-10-26T08:55:03 IST">
    <groups>
      <group name="sanity">
        <method signature="TC_002_Login.test_Login()[pri:0, instance:testcases.TC_002_Login@44f75083]" name="test_Login" class="testcases.TC_002_Login"/>
      </group> <!-- sanity -->
      <group name="master">
        <method signature="TC_002_Login.test_Login()[pri:0, instance:testcases.TC_002_Login@44f75083]" name="test_Login" class="testcases.TC_002_Login"/>
      </group> <!-- master -->
    </groups>
    <test name="Opencart Tests" duration-ms="11404" started-at="2021-10-26T08:54:52 IST" finished-at="2021-10-26T08:55:03 IST">
      <class name="testcases.TC_002_Login">
        <test-method status="PASS" signature="setup(java.lang.String)[pri:0, instance:testcases.TC_002_Login@44f75083]" name="setup" is-config="true" duration-ms="3449" started-at="2021-10-26T08:54:53 IST" finished-at="2021-10-26T08:54:56 IST">
          <params>
            <param index="0">
              <value>
                <![CDATA[chrome]]>
              </value>
            </param>
          </params>
          <reporter-output>
          </reporter-output>
        </test-method> <!-- setup -->
        <test-method status="PASS" signature="test_Login()[pri:0, instance:testcases.TC_002_Login@44f75083]" name="test_Login" duration-ms="6720" started-at="2021-10-26T08:54:56 IST" finished-at="2021-10-26T08:55:03 IST">
          <reporter-output>
          </reporter-output>
        </test-method> <!-- test_Login -->
        <test-method status="PASS" signature="tearDown()[pri:0, instance:testcases.TC_002_Login@44f75083]" name="tearDown" is-config="true" duration-ms="707" started-at="2021-10-26T08:55:03 IST" finished-at="2021-10-26T08:55:03 IST">
          <reporter-output>
          </reporter-output>
        </test-method> <!-- tearDown -->
      </class> <!-- testcases.TC_002_Login -->
    </test> <!-- Opencart Tests -->
  </suite> <!-- Opencart Suite -->
</testng-results>
